Using pre-set license
Built from '2020.3/release' branch; Version is '2020.3.12f1 (b3b2c6512326) revision 11776710'; Using compiler version '192528614'; Build Type 'Release'
OS: 'Windows 10 Home Single Language; OS build 19043.1165; Version 2009; 64bit' Language: 'tr' Physical Memory: 7613 MB
BatchMode: 1, IsHumanControllingUs: 0, StartBugReporterOnCrash: 0, Is64bit: 1, IsPro: 0

 COMMAND LINE ARGUMENTS:
C:\Program Files\Unity\Hub\Editor\2020.3.12f1\Editor\Unity.exe
-adb2
-batchMode
-noUpm
-name
AssetImportWorker0
-projectPath
C:/Users/yagiz/unity Projects/Fps_Reflex_Game_v03
-logFile
Logs/AssetImportWorker0.log
-srvPort
62603
Successfully changed project path to: C:/Users/yagiz/unity Projects/Fps_Reflex_Game_v03
C:/Users/yagiz/unity Projects/Fps_Reflex_Game_v03
Using Asset Import Pipeline V2.
Refreshing native plugins compatible for Editor in 34.54 ms, found 2 plugins.
Preloading 0 native plugins for Editor in 0.00 ms.
Initialize engine version: 2020.3.12f1 (b3b2c6512326)
[Subsystems] Discovering subsystems at path C:/Program Files/Unity/Hub/Editor/2020.3.12f1/Editor/Data/Resources/UnitySubsystems
[Subsystems] Discovering subsystems at path C:/Users/yagiz/unity Projects/Fps_Reflex_Game_v03/Assets
GfxDevice: creating device client; threaded=0
Direct3D:
    Version:  Direct3D 11.0 [level 11.1]
    Renderer: NVIDIA GeForce GTX 1650 (ID=0x1f91)
    Vendor:   
    VRAM:     3962 MB
    Driver:   27.21.14.6172
Initialize mono
Mono path[0] = 'C:/Program Files/Unity/Hub/Editor/2020.3.12f1/Editor/Data/Managed'
Mono path[1] = 'C:/Program Files/Unity/Hub/Editor/2020.3.12f1/Editor/Data/MonoBleedingEdge/lib/mono/unityjit'
Mono config path = 'C:/Program Files/Unity/Hub/Editor/2020.3.12f1/Editor/Data/MonoBleedingEdge/etc'
Using monoOptions --debugger-agent=transport=dt_socket,embedding=1,server=y,suspend=n,address=127.0.0.1:56116
Begin MonoManager ReloadAssembly
Registering precompiled unity dll's ...
Register platform support module: C:/Program Files/Unity/Hub/Editor/2020.3.12f1/Editor/Data/PlaybackEngines/WebGLSupport/UnityEditor.WebGL.Extensions.dll
Register platform support module: C:/Program Files/Unity/Hub/Editor/2020.3.12f1/Editor/Data/PlaybackEngines/WindowsStandaloneSupport/UnityEditor.WindowsStandalone.Extensions.dll
Registered in 0.002856 seconds.
Native extension for WindowsStandalone target not found
Native extension for WebGL target not found
Refreshing native plugins compatible for Editor in 37.28 ms, found 2 plugins.
Preloading 0 native plugins for Editor in 0.00 ms.
Mono: successfully reloaded assembly
- Completed reload, in  2.439 seconds
Platform modules already initialized, skipping
Registering precompiled user dll's ...
Registered in 0.006805 seconds.
Begin MonoManager ReloadAssembly
Native extension for WindowsStandalone target not found
Native extension for WebGL target not found
Refreshing native plugins compatible for Editor in 1.18 ms, found 2 plugins.
Preloading 0 native plugins for Editor in 0.00 ms.
Mono: successfully reloaded assembly
- Completed reload, in  1.365 seconds
Platform modules already initialized, skipping
========================================================================
Worker process is ready to serve import requests
Launched and connected shader compiler UnityShaderCompiler.exe after 0.05 seconds
Refreshing native plugins compatible for Editor in 0.33 ms, found 2 plugins.
Preloading 0 native plugins for Editor in 0.00 ms.
Unloading 1386 Unused Serialized files (Serialized files now loaded: 0)
System memory in use before: 64.6 MB.
System memory in use after: 64.7 MB.

Unloading 19 unused Assets to reduce memory usage. Loaded Objects now: 1819.
Total: 2.454900 ms (FindLiveObjects: 0.183100 ms CreateObjectMapping: 0.041400 ms MarkObjects: 2.116300 ms  DeleteObjects: 0.111600 ms)

AssetImportParameters requested are different than current active one (requested -> active):
  custom:framework-win-MediaFoundation: 216162199b28c13a410421893ffa2e32 -> 
  custom:video-decoder-ogg-theora: a1e56fd34408186e4bbccfd4996cb3dc -> 
  custom:container-muxer-webm: aa71ff27fc2769a1b78a27578f13a17b -> 
  custom:container-demuxer-webm: 4f35f7cbe854078d1ac9338744f61a02 -> 
  custom:container-demuxer-ogg: 62fdf1f143b41e24485cea50d1cbac27 -> 
  custom:video-encoder-webm-vp8: eb34c28f22e8b96e1ab97ce403110664 -> 
  custom:video-decoder-webm-vp8: 9c59270c3fd7afecdb556c50c9e8de78 -> 
  custom:audio-decoder-ogg-vorbis: bf7c407c2cedff20999df2af8eb42d56 -> 
  custom:audio-encoder-webm-vorbis: bf7c407c2cedff20999df2af8eb42d56 -> 
========================================================================
Received Import Request.
  path: Assets/Scenes
  artifactKey: Guid(5a1e3ad69bf035942b6ec4534742eb41) Importer(815301076,1909f56bfc062723c751e8b465ee728b)
Start importing Assets/Scenes using Guid(5a1e3ad69bf035942b6ec4534742eb41) Importer(815301076,1909f56bfc062723c751e8b465ee728b)  -> (artifact id: '0dbd112a4232ccc3e0bb0a57500e8b98') in 0.014261 seconds 
  Import took 0.017294 seconds .

========================================================================
Received Prepare
Registering precompiled user dll's ...
Registered in 0.005352 seconds.
Begin MonoManager ReloadAssembly
Native extension for WindowsStandalone target not found
Native extension for WebGL target not found
Refreshing native plugins compatible for Editor in 0.38 ms, found 2 plugins.
Preloading 0 native plugins for Editor in 0.00 ms.
Mono: successfully reloaded assembly
- Completed reload, in  1.270 seconds
Platform modules already initialized, skipping
Refreshing native plugins compatible for Editor in 0.45 ms, found 2 plugins.
Preloading 0 native plugins for Editor in 0.00 ms.
Unloading 1383 Unused Serialized files (Serialized files now loaded: 0)
System memory in use before: 64.6 MB.
System memory in use after: 64.7 MB.

Unloading 14 unused Assets to reduce memory usage. Loaded Objects now: 1824.
Total: 2.714100 ms (FindLiveObjects: 0.220700 ms CreateObjectMapping: 0.036200 ms MarkObjects: 2.366800 ms  DeleteObjects: 0.087700 ms)

AssetImportParameters requested are different than current active one (requested -> active):
  custom:framework-win-MediaFoundation: 216162199b28c13a410421893ffa2e32 -> 
  custom:video-decoder-ogg-theora: a1e56fd34408186e4bbccfd4996cb3dc -> 
  custom:container-muxer-webm: aa71ff27fc2769a1b78a27578f13a17b -> 
  custom:container-demuxer-webm: 4f35f7cbe854078d1ac9338744f61a02 -> 
  custom:container-demuxer-ogg: 62fdf1f143b41e24485cea50d1cbac27 -> 
  custom:video-encoder-webm-vp8: eb34c28f22e8b96e1ab97ce403110664 -> 
  custom:video-decoder-webm-vp8: 9c59270c3fd7afecdb556c50c9e8de78 -> 
  custom:audio-decoder-ogg-vorbis: bf7c407c2cedff20999df2af8eb42d56 -> 
  custom:audio-encoder-webm-vorbis: bf7c407c2cedff20999df2af8eb42d56 -> 
========================================================================
Received Import Request.
  Time since last request: 90.530032 seconds.
  path: Assets/Scenes/SampleScene.unity
  artifactKey: Guid(9fc0d4010bbf28b4594072e72b8655ab) Importer(815301076,1909f56bfc062723c751e8b465ee728b)
Start importing Assets/Scenes/SampleScene.unity using Guid(9fc0d4010bbf28b4594072e72b8655ab) Importer(815301076,1909f56bfc062723c751e8b465ee728b)  -> (artifact id: 'baacc0ae8dabb85b723818a1a21bca85') in 0.024864 seconds 
  Import took 0.027658 seconds .

========================================================================
Received Import Request.
  Time since last request: 2.396384 seconds.
  path: Assets/Scenes/Levels
  artifactKey: Guid(18d00457c7c52ae4eb6872e8635e3cc9) Importer(815301076,1909f56bfc062723c751e8b465ee728b)
Start importing Assets/Scenes/Levels using Guid(18d00457c7c52ae4eb6872e8635e3cc9) Importer(815301076,1909f56bfc062723c751e8b465ee728b)  -> (artifact id: '2bf610e2ee1020d64b639cf04abb4436') in 0.010321 seconds 
  Import took 0.013364 seconds .

========================================================================
Received Import Request.
  Time since last request: 0.511193 seconds.
  path: Assets/Scenes/Levels/GamePlay.unity
  artifactKey: Guid(3968a21f23951b942811bf09fca9e1a0) Importer(815301076,1909f56bfc062723c751e8b465ee728b)
Start importing Assets/Scenes/Levels/GamePlay.unity using Guid(3968a21f23951b942811bf09fca9e1a0) Importer(815301076,1909f56bfc062723c751e8b465ee728b)  -> (artifact id: '8389c667c217fcd890b477755698a48d') in 0.010382 seconds 
  Import took 0.013785 seconds .

========================================================================
Received Import Request.
  Time since last request: 36.981309 seconds.
  path: Assets/Sprites
  artifactKey: Guid(7f549528e4e8a704d8627406821889ac) Importer(815301076,1909f56bfc062723c751e8b465ee728b)
Start importing Assets/Sprites using Guid(7f549528e4e8a704d8627406821889ac) Importer(815301076,1909f56bfc062723c751e8b465ee728b)  -> (artifact id: '0ce4842a13c7bb47c35dfd81be00ec30') in 0.012979 seconds 
  Import took 0.016007 seconds .

========================================================================
Received Import Request.
  Time since last request: 1.099311 seconds.
  path: Assets/Sprites/StandartSprites
  artifactKey: Guid(9484ca312384ccd4bba1e613e363275f) Importer(815301076,1909f56bfc062723c751e8b465ee728b)
Start importing Assets/Sprites/StandartSprites using Guid(9484ca312384ccd4bba1e613e363275f) Importer(815301076,1909f56bfc062723c751e8b465ee728b)  -> (artifact id: '085c53de90269cdc7e1833d7dff85dec') in 0.010540 seconds 
  Import took 0.013671 seconds .

========================================================================
Received Import Request.
  Time since last request: 0.000322 seconds.
  path: Assets/Sprites/StandartSprites
  artifactKey: Guid(9484ca312384ccd4bba1e613e363275f) Importer(815301076,1909f56bfc062723c751e8b465ee728b)
Start importing Assets/Sprites/StandartSprites using Guid(9484ca312384ccd4bba1e613e363275f) Importer(815301076,1909f56bfc062723c751e8b465ee728b)  -> (artifact id: '085c53de90269cdc7e1833d7dff85dec') in 0.003201 seconds 
  Import took 0.006139 seconds .

